2021-01-19 22:12:38,528 - INFO - Send_dm.py - __main__ - main - ドライバー起動開始
2021-01-19 22:12:41,554 - INFO - Send_dm.py - __main__ - main - ドライバー起動成功
2021-01-19 22:12:46,356 - INFO - Send_dm.py - __main__ - login - ログインページの表示成功
2021-01-19 22:12:46,356 - INFO - Send_dm.py - __main__ - login - ログイン処理開始
2021-01-19 22:13:04,136 - INFO - Send_dm.py - __main__ - main - ログイン成功
2021-01-19 22:13:04,202 - INFO - Send_dm.py - __main__ - main - 1個目のURLの送信設定ファイルの読み込み
2021-01-19 22:13:04,208 - INFO - Send_dm.py - __main__ - main - ***********************************************************************************************************************
2021-01-19 22:13:04,208 - INFO - Send_dm.py - __main__ - main - 指定URL：https://www.lancers.jp/client_directory/all/industry/2128
2021-01-19 22:13:04,208 - INFO - Send_dm.py - __main__ - main - 指定送信件数：5
2021-01-19 22:13:04,208 - INFO - Send_dm.py - __main__ - main - 指定送信メッセージ：私はランサーズをはじめたばかりのものです。今後さまざまなクライアント様へ向け業務を受注していけるよう勤めてまいります。まずはご挨拶飲みですが、何卒よろしくお願い致します。
2021-01-19 22:13:04,208 - INFO - Send_dm.py - __main__ - main - 所定文言：
2021-01-19 22:13:04,209 - INFO - Send_dm.py - __main__ - main - ***********************************************************************************************************************
2021-01-19 22:13:21,106 - INFO - Send_dm.py - __main__ - main - クライアントへのDM送信処理開始：1ページ目
2021-01-19 22:13:21,515 - INFO - Send_dm.py - __main__ - main - クライアント名：カフェドダンス合同会社 (cafededance)への送信処理開始
2021-01-19 22:13:23,311 - INFO - Send_dm.py - __main__ - main - プロフィールページを開く
2021-01-19 22:13:32,019 - INFO - Send_dm.py - __main__ - main - DM送信成功
2021-01-19 22:13:32,019 - INFO - Send_dm.py - __main__ - main - クライアント名：株式会社エル・ビー・コーポレーション (kaizukalbc)への送信処理開始
2021-01-19 22:13:33,448 - INFO - Send_dm.py - __main__ - main - プロフィールページを開く
2021-01-19 22:13:42,073 - INFO - Send_dm.py - __main__ - main - DM送信成功
2021-01-19 22:13:42,073 - INFO - Send_dm.py - __main__ - main - クライアント名：hiroshi_1234 (hiroshi_1234)への送信処理開始
2021-01-19 22:13:43,718 - INFO - Send_dm.py - __main__ - main - プロフィールページを開く
2021-01-19 22:13:52,179 - INFO - Send_dm.py - __main__ - main - DM送信成功
2021-01-19 22:13:52,180 - INFO - Send_dm.py - __main__ - main - クライアント名：篠原好／株式会社篠原塾 (SK001)への送信処理開始
2021-01-19 22:13:53,856 - INFO - Send_dm.py - __main__ - main - プロフィールページを開く
2021-01-19 22:14:02,369 - INFO - Send_dm.py - __main__ - main - DM送信成功
2021-01-19 22:14:02,369 - INFO - Send_dm.py - __main__ - main - クライアント名：株式会社やる気スイッチグループ (koukoku-senden)への送信処理開始
2021-01-19 22:14:04,086 - INFO - Send_dm.py - __main__ - main - プロフィールページを開く
2021-01-19 22:14:12,760 - INFO - Send_dm.py - __main__ - main - DM送信成功
2021-01-19 22:14:12,760 - INFO - Send_dm.py - __main__ - main - クライアント名：あきらめ (akirafujimoto)への送信処理開始
2021-01-19 22:14:14,561 - INFO - Send_dm.py - __main__ - main - 指定件数に達しています。
2021-01-19 22:14:14,562 - INFO - Send_dm.py - __main__ - main - 送信したクライアント名をCSVへ書き込む
2021-01-19 22:14:14,587 - INFO - Send_dm.py - __main__ - main - 書き込み成功
2021-01-19 22:14:14,587 - INFO - Send_dm.py - __main__ - main - Send_Historyのインデックス番号を振りなおし開始
2021-01-19 22:14:17,208 - INFO - Send_dm.py - __main__ - main - インデックス番号を振りなおし成功
